[debug] [2020-12-24T14:52:07.674Z] ----------------------------------------------------------------------
[debug] [2020-12-24T14:52:07.675Z] Command:       /usr/local/bin/node /usr/local/bin/firebase init
[debug] [2020-12-24T14:52:07.676Z] CLI Version:   9.1.0
[debug] [2020-12-24T14:52:07.676Z] Platform:      darwin
[debug] [2020-12-24T14:52:07.676Z] Node Version:  v12.13.0
[debug] [2020-12-24T14:52:07.676Z] Time:          Thu Dec 24 2020 23:52:07 GMT+0900 (Korean Standard Time)
[debug] [2020-12-24T14:52:07.677Z] ----------------------------------------------------------------------
[debug] [2020-12-24T14:52:07.677Z] 
[debug] [2020-12-24T14:52:07.682Z] > command requires scopes: ["email","openid","https://www.googleapis.com/auth/cloudplatformprojects.readonly","https://www.googleapis.com/auth/firebase","https://www.googleapis.com/auth/cloud-platform"]
[debug] [2020-12-24T14:52:07.683Z] > authorizing via signed-in user
[info] 
     ######## #### ########  ######## ########     ###     ######  ########
     ##        ##  ##     ## ##       ##     ##  ##   ##  ##       ##
     ######    ##  ########  ######   ########  #########  ######  ######
     ##        ##  ##    ##  ##       ##     ## ##     ##       ## ##
     ##       #### ##     ## ######## ########  ##     ##  ######  ########

You're about to initialize a Firebase project in this directory:

  /Users/thanhnguyen/Downloads/interact_79

[info] 
=== Project Setup
[info] 
[info] First, let's associate this project directory with a Firebase project.
[info] You can create multiple project aliases by running firebase use --add, 
[info] but for now we'll just set up a default project.
[info] 
[info] i  If you want to create a project in a Google Cloud organization or folder, please use "firebase projects:create" instead, and return to this command when you've created the project. 
[debug] [2020-12-24T14:52:58.570Z] > refreshing access token with scopes: ["email","https://www.googleapis.com/auth/cloud-platform","https://www.googleapis.com/auth/cloudplatformprojects.readonly","https://www.googleapis.com/auth/firebase","openid"]
[debug] [2020-12-24T14:52:58.570Z] >>> HTTP REQUEST POST https://www.googleapis.com/oauth2/v3/token  
 <request body omitted>
[debug] [2020-12-24T14:52:59.190Z] <<< HTTP RESPONSE 200 {"pragma":"no-cache","expires":"Mon, 01 Jan 1990 00:00:00 GMT","date":"Thu, 24 Dec 2020 14:52:59 GMT","cache-control":"no-cache, no-store, max-age=0, must-revalidate","content-type":"application/json; charset=utf-8","vary":"X-Origin, Referer, Origin,Accept-Encoding","server":"scaffolding on HTTPServer2","x-xss-protection":"0","x-frame-options":"SAMEORIGIN","x-content-type-options":"nosniff","alt-svc":"h3-29=\":443\"; ma=2592000,h3-T051=\":443\"; ma=2592000,h3-Q050=\":443\"; ma=2592000,h3-Q046=\":443\"; ma=2592000,h3-Q043=\":443\"; ma=2592000,quic=\":443\"; ma=2592000; v=\"46,43\"","accept-ranges":"none","transfer-encoding":"chunked"}
[debug] [2020-12-24T14:52:59.205Z] >>> HTTP REQUEST POST https://cloudresourcemanager.googleapis.com/v1/projects  
 {"projectId":"udp","name":"udp"}
[debug] [2020-12-24T14:53:00.005Z] <<< HTTP RESPONSE 400 {"vary":"X-Origin, Referer, Origin,Accept-Encoding","content-type":"application/json; charset=UTF-8","date":"Thu, 24 Dec 2020 14:53:00 GMT","server":"ESF","cache-control":"private","x-xss-protection":"0","x-frame-options":"SAMEORIGIN","x-content-type-options":"nosniff","server-timing":"gfet4t7; dur=576","alt-svc":"h3-29=\":443\"; ma=2592000,h3-T051=\":443\"; ma=2592000,h3-Q050=\":443\"; ma=2592000,h3-Q046=\":443\"; ma=2592000,h3-Q043=\":443\"; ma=2592000,quic=\":443\"; ma=2592000; v=\"46,43\"","accept-ranges":"none","transfer-encoding":"chunked"}
[debug] [2020-12-24T14:53:00.005Z] <<< HTTP RESPONSE BODY {"error":{"code":400,"message":"Request contains an invalid argument.","status":"INVALID_ARGUMENT","details":[{"@type":"type.googleapis.com/google.rpc.BadRequest","fieldViolations":[{"field":"project_id","description":"project_id must be at least 6 characters long"},{"field":"display_name","description":"project display name must be at least 4 characters"}]},{"@type":"type.googleapis.com/google.rpc.Help","links":[{"url":"https://cloud.google.com/resource-manager/reference/rest/v1/projects"}]}]}}
[debug] [2020-12-24T14:53:00.247Z] FirebaseError: HTTP Error: 400, Request contains an invalid argument.
    at module.exports (/usr/local/lib/node_modules/firebase-tools/lib/responseToError.js:38:12)
    at Request._callback (/usr/local/lib/node_modules/firebase-tools/lib/api.js:41:35)
    at Request.self.callback (/usr/local/lib/node_modules/firebase-tools/node_modules/request/request.js:185:22)
    at Request.emit (events.js:210:5)
    at Request.EventEmitter.emit (domain.js:476:20)
    at Request.<anonymous> (/usr/local/lib/node_modules/firebase-tools/node_modules/request/request.js:1154:10)
    at Request.emit (events.js:210:5)
    at Request.EventEmitter.emit (domain.js:476:20)
    at IncomingMessage.<anonymous> (/usr/local/lib/node_modules/firebase-tools/node_modules/request/request.js:1076:12)
    at Object.onceWrapper (events.js:299:28)
    at IncomingMessage.emit (events.js:215:7)
    at IncomingMessage.EventEmitter.emit (domain.js:476:20)
    at endReadableNT (_stream_readable.js:1183:12)
    at processTicksAndRejections (internal/process/task_queues.js:80:21)
[error] 
[error] Error: Failed to create project. See firebase-debug.log for more info.
[debug] [2020-12-24T14:53:42.268Z] ----------------------------------------------------------------------
[debug] [2020-12-24T14:53:42.271Z] Command:       /usr/local/bin/node /usr/local/bin/firebase init
[debug] [2020-12-24T14:53:42.271Z] CLI Version:   9.1.0
[debug] [2020-12-24T14:53:42.271Z] Platform:      darwin
[debug] [2020-12-24T14:53:42.271Z] Node Version:  v12.13.0
[debug] [2020-12-24T14:53:42.276Z] Time:          Thu Dec 24 2020 23:53:42 GMT+0900 (Korean Standard Time)
[debug] [2020-12-24T14:53:42.277Z] ----------------------------------------------------------------------
[debug] [2020-12-24T14:53:42.277Z] 
[debug] [2020-12-24T14:53:42.285Z] > command requires scopes: ["email","openid","https://www.googleapis.com/auth/cloudplatformprojects.readonly","https://www.googleapis.com/auth/firebase","https://www.googleapis.com/auth/cloud-platform"]
[debug] [2020-12-24T14:53:42.286Z] > authorizing via signed-in user
[info] 
     ######## #### ########  ######## ########     ###     ######  ########
     ##        ##  ##     ## ##       ##     ##  ##   ##  ##       ##
     ######    ##  ########  ######   ########  #########  ######  ######
     ##        ##  ##    ##  ##       ##     ## ##     ##       ## ##
     ##       #### ##     ## ######## ########  ##     ##  ######  ########

You're about to initialize a Firebase project in this directory:

  /Users/thanhnguyen/Downloads/interact_79

[info] 
=== Project Setup
[info] 
[info] First, let's associate this project directory with a Firebase project.
[info] You can create multiple project aliases by running firebase use --add, 
[info] but for now we'll just set up a default project.
[info] 
[info] i  If you want to create a project in a Google Cloud organization or folder, please use "firebase projects:create" instead, and return to this command when you've created the project. 
[debug] [2020-12-24T14:54:05.128Z] >>> HTTP REQUEST POST https://cloudresourcemanager.googleapis.com/v1/projects  
 {"projectId":"udpsol","name":"udpsol"}
[debug] [2020-12-24T14:54:06.147Z] <<< HTTP RESPONSE 200 {"content-type":"application/json; charset=UTF-8","vary":"X-Origin, Referer, Origin,Accept-Encoding","date":"Thu, 24 Dec 2020 14:54:06 GMT","server":"ESF","cache-control":"private","x-xss-protection":"0","x-frame-options":"SAMEORIGIN","x-content-type-options":"nosniff","server-timing":"gfet4t7; dur=708","alt-svc":"h3-29=\":443\"; ma=2592000,h3-T051=\":443\"; ma=2592000,h3-Q050=\":443\"; ma=2592000,h3-Q046=\":443\"; ma=2592000,h3-Q043=\":443\"; ma=2592000,quic=\":443\"; ma=2592000; v=\"46,43\"","accept-ranges":"none","transfer-encoding":"chunked"}
[debug] [2020-12-24T14:54:06.150Z] > refreshing access token with scopes: []
[debug] [2020-12-24T14:54:06.150Z] >>> HTTP REQUEST POST https://www.googleapis.com/oauth2/v3/token  
 <request body omitted>
[debug] [2020-12-24T14:54:06.598Z] <<< HTTP RESPONSE 200 {"expires":"Mon, 01 Jan 1990 00:00:00 GMT","date":"Thu, 24 Dec 2020 14:54:06 GMT","pragma":"no-cache","cache-control":"no-cache, no-store, max-age=0, must-revalidate","content-type":"application/json; charset=utf-8","vary":"X-Origin, Referer, Origin,Accept-Encoding","server":"scaffolding on HTTPServer2","x-xss-protection":"0","x-frame-options":"SAMEORIGIN","x-content-type-options":"nosniff","alt-svc":"h3-29=\":443\"; ma=2592000,h3-T051=\":443\"; ma=2592000,h3-Q050=\":443\"; ma=2592000,h3-Q046=\":443\"; ma=2592000,h3-Q043=\":443\"; ma=2592000,quic=\":443\"; ma=2592000; v=\"46,43\"","accept-ranges":"none","transfer-encoding":"chunked"}
[debug] [2020-12-24T14:54:06.613Z] >>> [apiv2][query] GET https://cloudresourcemanager.googleapis.com/v1/operations/cp.7375028191082601539 [none]
[debug] [2020-12-24T14:54:07.515Z] <<< [apiv2][status] GET https://cloudresourcemanager.googleapis.com/v1/operations/cp.7375028191082601539 200
[debug] [2020-12-24T14:54:07.515Z] <<< [apiv2][body] GET https://cloudresourcemanager.googleapis.com/v1/operations/cp.7375028191082601539 {"name":"operations/cp.7375028191082601539"}
[debug] [2020-12-24T14:54:08.016Z] [Project Creation Poller] Retrying task index 0
[debug] [2020-12-24T14:54:08.016Z] >>> [apiv2][query] GET https://cloudresourcemanager.googleapis.com/v1/operations/cp.7375028191082601539 [none]
[debug] [2020-12-24T14:54:09.073Z] <<< [apiv2][status] GET https://cloudresourcemanager.googleapis.com/v1/operations/cp.7375028191082601539 200
[debug] [2020-12-24T14:54:09.073Z] <<< [apiv2][body] GET https://cloudresourcemanager.googleapis.com/v1/operations/cp.7375028191082601539 {"name":"operations/cp.7375028191082601539","metadata":{"@type":"type.googleapis.com/google.cloudresourcemanager.v1.ProjectCreationStatus","gettable":true}}
[debug] [2020-12-24T14:54:10.074Z] [Project Creation Poller] Retrying task index 0
[debug] [2020-12-24T14:54:10.075Z] >>> [apiv2][query] GET https://cloudresourcemanager.googleapis.com/v1/operations/cp.7375028191082601539 [none]
[debug] [2020-12-24T14:54:11.110Z] <<< [apiv2][status] GET https://cloudresourcemanager.googleapis.com/v1/operations/cp.7375028191082601539 200
[debug] [2020-12-24T14:54:11.111Z] <<< [apiv2][body] GET https://cloudresourcemanager.googleapis.com/v1/operations/cp.7375028191082601539 {"name":"operations/cp.7375028191082601539","metadata":{"@type":"type.googleapis.com/google.cloudresourcemanager.v1.ProjectCreationStatus","gettable":true,"ready":true},"done":true,"response":{"@type":"type.googleapis.com/google.cloudresourcemanager.v1.Project","projectNumber":"812382183912","projectId":"udpsol","lifecycleState":"ACTIVE","name":"udpsol","createTime":"2020-12-24T14:54:06.046Z","parent":{"type":"organization","id":"867242512107"}}}
[debug] [2020-12-24T14:54:11.112Z] > refreshing access token with scopes: ["email","https://www.googleapis.com/auth/cloud-platform","https://www.googleapis.com/auth/cloudplatformprojects.readonly","https://www.googleapis.com/auth/firebase","openid"]
[debug] [2020-12-24T14:54:11.112Z] >>> HTTP REQUEST POST https://www.googleapis.com/oauth2/v3/token  
 <request body omitted>
[debug] [2020-12-24T14:54:11.462Z] <<< HTTP RESPONSE 200 {"expires":"Mon, 01 Jan 1990 00:00:00 GMT","date":"Thu, 24 Dec 2020 14:54:11 GMT","cache-control":"no-cache, no-store, max-age=0, must-revalidate","pragma":"no-cache","content-type":"application/json; charset=utf-8","vary":"X-Origin, Referer, Origin,Accept-Encoding","server":"scaffolding on HTTPServer2","x-xss-protection":"0","x-frame-options":"SAMEORIGIN","x-content-type-options":"nosniff","alt-svc":"h3-29=\":443\"; ma=2592000,h3-T051=\":443\"; ma=2592000,h3-Q050=\":443\"; ma=2592000,h3-Q046=\":443\"; ma=2592000,h3-Q043=\":443\"; ma=2592000,quic=\":443\"; ma=2592000; v=\"46,43\"","accept-ranges":"none","transfer-encoding":"chunked"}
[debug] [2020-12-24T14:54:11.476Z] >>> HTTP REQUEST POST https://firebase.googleapis.com/v1beta1/projects/udpsol:addFirebase  
 
[debug] [2020-12-24T14:54:16.081Z] <<< HTTP RESPONSE 200 {"content-type":"application/json; charset=UTF-8","vary":"X-Origin, Referer, Origin,Accept-Encoding","date":"Thu, 24 Dec 2020 14:54:15 GMT","server":"ESF","cache-control":"private","x-xss-protection":"0","x-frame-options":"SAMEORIGIN","x-content-type-options":"nosniff","alt-svc":"h3-29=\":443\"; ma=2592000,h3-T051=\":443\"; ma=2592000,h3-Q050=\":443\"; ma=2592000,h3-Q046=\":443\"; ma=2592000,h3-Q043=\":443\"; ma=2592000,quic=\":443\"; ma=2592000; v=\"46,43\"","accept-ranges":"none","transfer-encoding":"chunked"}
[debug] [2020-12-24T14:54:16.081Z] > refreshing access token with scopes: []
[debug] [2020-12-24T14:54:16.081Z] >>> HTTP REQUEST POST https://www.googleapis.com/oauth2/v3/token  
 <request body omitted>
[debug] [2020-12-24T14:54:16.418Z] <<< HTTP RESPONSE 200 {"expires":"Mon, 01 Jan 1990 00:00:00 GMT","pragma":"no-cache","date":"Thu, 24 Dec 2020 14:54:16 GMT","cache-control":"no-cache, no-store, max-age=0, must-revalidate","content-type":"application/json; charset=utf-8","vary":"X-Origin, Referer, Origin,Accept-Encoding","server":"scaffolding on HTTPServer2","x-xss-protection":"0","x-frame-options":"SAMEORIGIN","x-content-type-options":"nosniff","alt-svc":"h3-29=\":443\"; ma=2592000,h3-T051=\":443\"; ma=2592000,h3-Q050=\":443\"; ma=2592000,h3-Q046=\":443\"; ma=2592000,h3-Q043=\":443\"; ma=2592000,quic=\":443\"; ma=2592000; v=\"46,43\"","accept-ranges":"none","transfer-encoding":"chunked"}
[debug] [2020-12-24T14:54:16.429Z] >>> [apiv2][query] GET https://firebase.googleapis.com/v1beta1/operations/workflows/Nzk5ZDZmZjEtYjAwMS00OWI0LWJmYzgtYjUxZTg3MjI5NDIw [none]
[debug] [2020-12-24T14:54:18.327Z] <<< [apiv2][status] GET https://firebase.googleapis.com/v1beta1/operations/workflows/Nzk5ZDZmZjEtYjAwMS00OWI0LWJmYzgtYjUxZTg3MjI5NDIw 200
[debug] [2020-12-24T14:54:18.327Z] <<< [apiv2][body] GET https://firebase.googleapis.com/v1beta1/operations/workflows/Nzk5ZDZmZjEtYjAwMS00OWI0LWJmYzgtYjUxZTg3MjI5NDIw {"name":"operations/workflows/Nzk5ZDZmZjEtYjAwMS00OWI0LWJmYzgtYjUxZTg3MjI5NDIw"}
[debug] [2020-12-24T14:54:18.828Z] [Add Firebase Poller] Retrying task index 0
[debug] [2020-12-24T14:54:18.828Z] >>> [apiv2][query] GET https://firebase.googleapis.com/v1beta1/operations/workflows/Nzk5ZDZmZjEtYjAwMS00OWI0LWJmYzgtYjUxZTg3MjI5NDIw [none]
[debug] [2020-12-24T14:54:20.329Z] <<< [apiv2][status] GET https://firebase.googleapis.com/v1beta1/operations/workflows/Nzk5ZDZmZjEtYjAwMS00OWI0LWJmYzgtYjUxZTg3MjI5NDIw 200
[debug] [2020-12-24T14:54:20.329Z] <<< [apiv2][body] GET https://firebase.googleapis.com/v1beta1/operations/workflows/Nzk5ZDZmZjEtYjAwMS00OWI0LWJmYzgtYjUxZTg3MjI5NDIw {"name":"operations/workflows/Nzk5ZDZmZjEtYjAwMS00OWI0LWJmYzgtYjUxZTg3MjI5NDIw"}
[debug] [2020-12-24T14:54:21.332Z] [Add Firebase Poller] Retrying task index 0
[debug] [2020-12-24T14:54:21.332Z] >>> [apiv2][query] GET https://firebase.googleapis.com/v1beta1/operations/workflows/Nzk5ZDZmZjEtYjAwMS00OWI0LWJmYzgtYjUxZTg3MjI5NDIw [none]
[debug] [2020-12-24T14:54:22.840Z] <<< [apiv2][status] GET https://firebase.googleapis.com/v1beta1/operations/workflows/Nzk5ZDZmZjEtYjAwMS00OWI0LWJmYzgtYjUxZTg3MjI5NDIw 200
[debug] [2020-12-24T14:54:22.840Z] <<< [apiv2][body] GET https://firebase.googleapis.com/v1beta1/operations/workflows/Nzk5ZDZmZjEtYjAwMS00OWI0LWJmYzgtYjUxZTg3MjI5NDIw {"name":"operations/workflows/Nzk5ZDZmZjEtYjAwMS00OWI0LWJmYzgtYjUxZTg3MjI5NDIw"}
[debug] [2020-12-24T14:54:24.841Z] [Add Firebase Poller] Retrying task index 0
[debug] [2020-12-24T14:54:24.842Z] >>> [apiv2][query] GET https://firebase.googleapis.com/v1beta1/operations/workflows/Nzk5ZDZmZjEtYjAwMS00OWI0LWJmYzgtYjUxZTg3MjI5NDIw [none]
[debug] [2020-12-24T14:54:26.569Z] <<< [apiv2][status] GET https://firebase.googleapis.com/v1beta1/operations/workflows/Nzk5ZDZmZjEtYjAwMS00OWI0LWJmYzgtYjUxZTg3MjI5NDIw 200
[debug] [2020-12-24T14:54:26.570Z] <<< [apiv2][body] GET https://firebase.googleapis.com/v1beta1/operations/workflows/Nzk5ZDZmZjEtYjAwMS00OWI0LWJmYzgtYjUxZTg3MjI5NDIw {"name":"operations/workflows/Nzk5ZDZmZjEtYjAwMS00OWI0LWJmYzgtYjUxZTg3MjI5NDIw","done":true,"response":{"@type":"type.googleapis.com/google.firebase.service.v1beta1.FirebaseProject","projectId":"udpsol","projectNumber":"812382183912","displayName":"udpsol","name":"projects/udpsol","resources":{"hostingSite":"udpsol"}}}
[info] 
[info] 🎉🎉🎉 Your Firebase project is ready! 🎉🎉🎉
[info] 
[info] Project information:
[info]    - Project ID: udpsol
[info]    - Project Name: udpsol
[info] 
[info] Firebase console is available at
[info] https://console.firebase.google.com/project/udpsol/overview
[info] i  Using project udpsol (udpsol) 
[info] 
=== Hosting Setup
[info] 
[info] Your public directory is the folder (relative to your project directory) that
[info] will contain Hosting assets to be uploaded with firebase deploy. If you
[info] have a build process for your assets, use your build's output directory.
[info] 
[debug] [2020-12-24T14:54:51.829Z] >>> [apiv2][query] GET https://www.gstatic.com/firebasejs/releases.json [none]
[debug] [2020-12-24T14:54:52.136Z] <<< [apiv2][status] GET https://www.gstatic.com/firebasejs/releases.json 200
[debug] [2020-12-24T14:54:52.136Z] <<< [apiv2][body] GET https://www.gstatic.com/firebasejs/releases.json {"current":{"version":"8.2.1","browserURL":"https://www.gstatic.com/firebasejs/8.2.1/firebase.js","packageURL":"https://www.gstatic.com/firebasejs/8.2.1/firebase.tgz"},"live":{"version":"8.2","browserURL":"https://www.gstatic.com/firebasejs/live/8.2/firebase.js","packageURL":"https://www.gstatic.com/firebasejs/live/8.2/firebase.tgz"},"components":{"analytics":"https://www.gstatic.com/firebasejs/8.2.1/firebase-analytics.js","app":"https://www.gstatic.com/firebasejs/8.2.1/firebase-app.js","auth":"https://www.gstatic.com/firebasejs/8.2.1/firebase-auth.js","database":"https://www.gstatic.com/firebasejs/8.2.1/firebase-database.js","firestore":"https://www.gstatic.com/firebasejs/8.2.1/firebase-firestore.js","functions":"https://www.gstatic.com/firebasejs/8.2.1/firebase-functions.js","installations":"https://www.gstatic.com/firebasejs/8.2.1/firebase-installations.js","messaging":"https://www.gstatic.com/firebasejs/8.2.1/firebase-messaging.js","storage":"https://www.gstatic.com/firebasejs/8.2.1/firebase-storage.js","performance":"https://www.gstatic.com/firebasejs/8.2.1/firebase-performance.js","remote-config":"https://www.gstatic.com/firebasejs/8.2.1/firebase-remote-config.js","firestore.memory":"https://www.gstatic.com/firebasejs/8.2.1/firebase-firestore.memory.js"}}
[info] ✔  Wrote public/index.html 
[info] 
[info] i  Didn't detect a .git folder. Assuming /Users/thanhnguyen/Downloads/interact_79 is the project root. 
[info] i  Authorizing with GitHub to upload your service account to a GitHub repository's secrets store. 
[info] 
[info] Visit this URL on this device to log in:
[info] https://github.com/login/oauth/authorize?client_id=89cf50f02ac6aaed3484&state=273434712&redirect_uri=http%3A%2F%2Flocalhost%3A9005&scope=read%3Auser%20repo%20public_repo
[info] 
[info] Waiting for authentication...
[debug] [2020-12-24T14:55:10.110Z] >>> HTTP REQUEST POST https://github.com/login/oauth/access_token  
 {"client_id":"89cf50f02ac6aaed3484","client_secret":"3330d14abc895d9a74d5f17cd7a00711fa2c5bf0","code":"dc1cfe02b214f587f4f0","redirect_uri":"http://localhost:9005","state":"273434712"}
[debug] [2020-12-24T14:55:10.412Z] <<< HTTP RESPONSE 200 {"date":"Thu, 24 Dec 2020 14:55:10 GMT","content-type":"application/json; charset=utf-8","transfer-encoding":"chunked","server":"GitHub.com","status":"200 OK","vary":"X-PJAX, Accept-Encoding, Accept, X-Requested-With, Accept-Encoding","etag":"W/\"4c1440fd12f7c751c87602c3c2160b2a\"","cache-control":"max-age=0, private, must-revalidate","strict-transport-security":"max-age=31536000; includeSubdomains; preload","x-frame-options":"deny","x-content-type-options":"nosniff","x-xss-protection":"1; mode=block","referrer-policy":"origin-when-cross-origin, strict-origin-when-cross-origin","expect-ct":"max-age=2592000, report-uri=\"https://api.github.com/_private/browser/errors\"","content-security-policy":"default-src 'none'; base-uri 'self'; block-all-mixed-content; connect-src 'self' uploads.github.com www.githubstatus.com collector.githubapp.com api.github.com github-cloud.s3.amazonaws.com github-production-repository-file-5c1aeb.s3.amazonaws.com github-production-upload-manifest-file-7fdce7.s3.amazonaws.com github-production-user-asset-6210df.s3.amazonaws.com cdn.optimizely.com logx.optimizely.com/v1/events wss://alive.github.com; font-src github.githubassets.com; form-action 'self' github.com gist.github.com; frame-ancestors 'none'; frame-src render.githubusercontent.com; img-src 'self' data: github.githubassets.com identicons.github.com collector.githubapp.com github-cloud.s3.amazonaws.com *.githubusercontent.com; manifest-src 'self'; media-src 'none'; script-src github.githubassets.com; style-src 'unsafe-inline' github.githubassets.com; worker-src github.com/socket-worker-5029ae85.js gist.github.com/socket-worker-5029ae85.js","x-github-request-id":"CB0B:19DA:1B32D32:25DB6B6:5FE4ABCE"}
[debug] [2020-12-24T14:55:10.413Z] >>> [apiv2][query] GET https://api.github.com/user [none]
[debug] [2020-12-24T14:55:10.744Z] <<< [apiv2][status] GET https://api.github.com/user 200
[debug] [2020-12-24T14:55:10.744Z] <<< [apiv2][body] GET https://api.github.com/user {"login":"thanh90","id":30317015,"node_id":"MDQ6VXNlcjMwMzE3MDE1","avatar_url":"https://avatars0.githubusercontent.com/u/30317015?v=4","gravatar_id":"","url":"https://api.github.com/users/thanh90","html_url":"https://github.com/thanh90","followers_url":"https://api.github.com/users/thanh90/followers","following_url":"https://api.github.com/users/thanh90/following{/other_user}","gists_url":"https://api.github.com/users/thanh90/gists{/gist_id}","starred_url":"https://api.github.com/users/thanh90/starred{/owner}{/repo}","subscriptions_url":"https://api.github.com/users/thanh90/subscriptions","organizations_url":"https://api.github.com/users/thanh90/orgs","repos_url":"https://api.github.com/users/thanh90/repos","events_url":"https://api.github.com/users/thanh90/events{/privacy}","received_events_url":"https://api.github.com/users/thanh90/received_events","type":"User","site_admin":false,"name":null,"company":null,"blog":"","location":null,"email":null,"hireable":null,"bio":null,"twitter_username":null,"public_repos":18,"public_gists":0,"followers":1,"following":0,"created_at":"2017-07-20T11:29:34Z","updated_at":"2020-12-24T14:55:09Z","private_gists":0,"total_private_repos":0,"owned_private_repos":0,"disk_usage":390922,"collaborators":0,"two_factor_authentication":false,"plan":{"name":"free","space":976562499,"collaborators":0,"private_repos":10000}}
[info] 
[info] ✔  Success! Logged into GitHub as thanh90 
[info] 
